<component name="libraryTable">
  <library name="junit">
    <CLASSES>
      <root url="jar://$USER_HOME$/Downloads/telegrambots-4.0.1-jar-with-dependencies.jar!/" />
    </CLASSES>
    <JAVADOC />
    <SOURCES />
  </library>
</component>